Build started 4/6/2011 4:52:06 PM.
     1>Project "C:\Users\Greg\Desktop\blarg\trunk\src\FractalBlaster.Plugins.AudioOut\FractalBlaster.Plugins.AudioOut.vcxproj" on node 2 (build target(s)).
     1>C:\Program Files (x86)\MSBuild\Microsoft.Cpp\v4.0\Microsoft.CppBuild.targets(298,5): warning MSB8004: Intermediate Directory does not end with a trailing slash.  This build instance will add the slash as it is required to allow proper evaluation of the Intermediate Directory.
     1>C:\Program Files (x86)\MSBuild\Microsoft.Cpp\v4.0\Microsoft.CppBuild.targets(299,5): warning MSB8004: Output Directory does not end with a trailing slash.  This build instance will add the slash as it is required to allow proper evaluation of the Output Directory.
     1>InitializeBuildStatus:
         Creating "..\build\debug\bin\Plugins\FractalBlaster.Plugins.AudioOut.unsuccessfulbuild" because "AlwaysCreate" was specified.
       GenerateTargetFrameworkMonikerAttribute:
       Skipping target "GenerateTargetFrameworkMonikerAttribute" because all output files are up-to-date with respect to the input files.
       ClCompile:
         C:\Program Files (x86)\Microsoft Visual Studio 10.0\VC\bin\CL.exe /c /AI"C:\Program Files (x86)\Reference Assemblies\Microsoft\Framework\.NETFramework\v4.0" /Zi /clr /nologo /W3 /WX- /Od /Oy- /D UNITTEST /D _WINDLL /D _MBCS /EHa /MDd /GS /fp:precise /Zc:wchar_t /Zc:forScope /Fo"..\build\debug\bin\Plugins\\" /Fd"..\build\debug\bin\Plugins\vc100.pdb" /TP /FUC:\Users\Greg\Desktop\blarg\trunk\src\build\debug\bin\FractalBlaster.Universe.dll /FU"C:\Program Files (x86)\Reference Assemblies\Microsoft\Framework\.NETFramework\v4.0\System.Core.dll" /analyze- /errorReport:prompt Callbacks.cpp OutputStream.cpp WaveInterface.cpp Wrapper.cpp /clr:nostdlib 
         Callbacks.cpp
         OutputStream.cpp
         WaveInterface.cpp
     1>WaveInterface.cpp(7): warning C4482: nonstandard extension used: enum 'PlaybackState' used in qualified name
     1>WaveInterface.cpp(64): warning C4482: nonstandard extension used: enum 'PlaybackState' used in qualified name
     1>WaveInterface.cpp(75): warning C4482: nonstandard extension used: enum 'PlaybackState' used in qualified name
     1>WaveInterface.cpp(122): warning C4996: 'fopen': This function or variable may be unsafe. Consider using fopen_s instead. To disable deprecation, use _CRT_SECURE_NO_WARNINGS. See online help for details.
                 C:\Program Files (x86)\Microsoft Visual Studio 10.0\VC\include\stdio.h(234) : see declaration of 'fopen'
     1>WaveInterface.cpp(138): warning C4482: nonstandard extension used: enum 'PlaybackState' used in qualified name
     1>WaveInterface.cpp(144): warning C4482: nonstandard extension used: enum 'PlaybackState' used in qualified name
     1>WaveInterface.cpp(150): warning C4482: nonstandard extension used: enum 'PlaybackState' used in qualified name
     1>WaveInterface.cpp(156): warning C4482: nonstandard extension used: enum 'PlaybackState' used in qualified name
     1>WaveInterface.cpp(163): warning C4482: nonstandard extension used: enum 'PlaybackState' used in qualified name
     1>WaveInterface.cpp(169): warning C4244: 'initializing' : conversion from 'double' to 'WORD', possible loss of data
         Wrapper.cpp
     1>c:\users\greg\desktop\blarg\trunk\src\fractalblaster.plugins.audioout\Wrapper.h(29): warning C4486: 'FractalBlaster::Plugins::AudioOut::Wrapper::IsPlaying::set' : a private virtual method of a ref class or value class should be marked 'sealed'
     1>c:\users\greg\desktop\blarg\trunk\src\fractalblaster.plugins.audioout\Wrapper.h(34): warning C4486: 'FractalBlaster::Plugins::AudioOut::Wrapper::IsPaused::set' : a private virtual method of a ref class or value class should be marked 'sealed'
         Generating Code...
         C:\Program Files (x86)\Microsoft Visual Studio 10.0\VC\bin\CL.exe /c /Zi /clr /nologo /W3 /WX- /Od /Oy- /D UNITTEST /D _WINDLL /D _MBCS /EHa /MDd /GS /fp:precise /Zc:wchar_t /Zc:forScope /Fo"..\build\debug\bin\Plugins\\" /Fd"..\build\debug\bin\Plugins\vc100.pdb" /TP /analyze- /errorReport:prompt "C:\Users\Greg\AppData\Local\Temp\.NETFramework,Version=v4.0.AssemblyAttributes.cpp"
         .NETFramework,Version=v4.0.AssemblyAttributes.cpp
       Link:
         C:\Program Files (x86)\Microsoft Visual Studio 10.0\VC\bin\link.exe /ERRORREPORT:PROMPT /OUT:"..\build\debug\bin\Plugins\FractalBlaster.Plugins.AudioOut.dll" /NOLOGO winmm.lib kernel32.lib user32.lib gdi32.lib winspool.lib comdlg32.lib advapi32.lib shell32.lib ole32.lib oleaut32.lib uuid.lib odbc32.lib odbccp32.lib /MANIFEST /ManifestFile:"..\build\debug\bin\Plugins\FractalBlaster.Plugins.AudioOut.dll.intermediate.manifest" /MANIFESTUAC:"level='asInvoker' uiAccess='false'" /DEBUG /PDB:"C:\Users\Greg\Desktop\blarg\trunk\src\build\debug\bin\Plugins\FractalBlaster.Plugins.AudioOut.pdb" /ASSEMBLYDEBUG /TLBID:1 /DYNAMICBASE /FIXED:NO /NXCOMPAT /MACHINE:X86 /DLL ..\build\debug\bin\Plugins\Callbacks.obj
         ..\build\debug\bin\Plugins\OutputStream.obj
         ..\build\debug\bin\Plugins\WaveInterface.obj
         ..\build\debug\bin\Plugins\Wrapper.obj
         "..\build\debug\bin\Plugins\.NETFramework,Version=v4.0.AssemblyAttributes.obj"
         FractalBlaster.Plugins.AudioOut.vcxproj -> C:\Users\Greg\Desktop\blarg\trunk\src\FractalBlaster.Plugins.AudioOut\..\build\debug\bin\Plugins\FractalBlaster.Plugins.AudioOut.dll
       Manifest:
         C:\Program Files (x86)\Microsoft SDKs\Windows\v7.0A\bin\mt.exe /nologo /verbose /outputresource:"..\build\debug\bin\Plugins\FractalBlaster.Plugins.AudioOut.dll;#2" /manifest ..\build\debug\bin\Plugins\FractalBlaster.Plugins.AudioOut.dll.intermediate.manifest
       FinalizeBuildStatus:
         Deleting file "..\build\debug\bin\Plugins\FractalBlaster.Plugins.AudioOut.unsuccessfulbuild".
         Touching "..\build\debug\bin\Plugins\FractalBlaster.Plugins.AudioOut.lastbuildstate".
     1>Done Building Project "C:\Users\Greg\Desktop\blarg\trunk\src\FractalBlaster.Plugins.AudioOut\FractalBlaster.Plugins.AudioOut.vcxproj" (build target(s)).

Build succeeded.

Time Elapsed 00:00:16.47
